<?xml version="1.0" encoding="UTF-8"?>
<!-- Generated by org.testng.reporters.JUnitXMLReporter -->
<testsuite ignored="0" hostname="apples-MacBook-Pro.local" failures="0" tests="6" name="OpenCart Tests" time="76.926" errors="0" timestamp="2022-04-05T13:34:09 IST">
  <testcase classname="testCases.TC_001_AccountRegidtration" name="test_account_Registration" time="6.496"/>
  <testcase classname="testCases.TC_002_Login" name="test_Login" time="6.133"/>
  <testcase classname="testCases.TC_003_LoginDDT" name="test_LoginDDT" time="7.694"/>
  <testcase classname="testCases.TC_003_LoginDDT" name="test_LoginDDT" time="15.155"/>
  <testcase classname="testCases.TC_003_LoginDDT" name="test_LoginDDT" time="14.398"/>
  <testcase classname="testCases.TC_003_LoginDDT" name="test_LoginDDT" time="14.495"/>
</testsuite> <!-- OpenCart Tests -->
