<?xml version="1.0" encoding="UTF-8"?>
<!-- Generated by org.testng.reporters.JUnitXMLReporter -->
<testsuite ignored="0" hostname="apples-MacBook-Pro.local" failures="0" tests="6" name="OpenCart Tests" time="76.495" errors="0" timestamp="2022-04-02T00:41:31 IST">
  <testcase classname="testCases.TC_001_AccountRegidtration" name="test_account_Registration" time="8.196"/>
  <testcase classname="testCases.TC_002_Login" name="test_Login" time="5.487"/>
  <testcase classname="testCases.TC_003_LoginDDT" name="test_LoginDDT" time="7.557"/>
  <testcase classname="testCases.TC_003_LoginDDT" name="test_LoginDDT" time="14.297"/>
  <testcase classname="testCases.TC_003_LoginDDT" name="test_LoginDDT" time="14.208"/>
  <testcase classname="testCases.TC_003_LoginDDT" name="test_LoginDDT" time="14.241"/>
</testsuite> <!-- OpenCart Tests -->
