<?xml version="1.0" encoding="UTF-8"?>
<testng-results ignored="0" total="6" passed="6" failed="0" skipped="0">
  <reporter-output>
  </reporter-output>
  <suite started-at="2022-04-05T13:32:46 IST" name="OpenCart Test Suite" finished-at="2022-04-05T13:34:03 IST" duration-ms="76926">
    <groups>
      <group name="regression">
        <method signature="TC_001_AccountRegidtration.test_account_Registration()[pri:0, instance:testCases.TC_001_AccountRegidtration@4fe767f3]" name="test_account_Registration" class="testCases.TC_001_AccountRegidtration"/>
      </group> <!-- regression -->
      <group name="sanity">
        <method signature="TC_002_Login.test_Login()[pri:0, instance:testCases.TC_002_Login@78e94dcf]" name="test_Login" class="testCases.TC_002_Login"/>
      </group> <!-- sanity -->
      <group name="master">
        <method signature="TC_001_AccountRegidtration.test_account_Registration()[pri:0, instance:testCases.TC_001_AccountRegidtration@4fe767f3]" name="test_account_Registration" class="testCases.TC_001_AccountRegidtration"/>
        <method signature="TC_002_Login.test_Login()[pri:0, instance:testCases.TC_002_Login@78e94dcf]" name="test_Login" class="testCases.TC_002_Login"/>
      </group> <!-- master -->
    </groups>
    <test started-at="2022-04-05T13:32:46 IST" name="OpenCart Tests" finished-at="2022-04-05T13:34:03 IST" duration-ms="76926">
      <class name="testCases.TC_001_AccountRegidtration">
        <test-method is-config="true" signature="setup(java.lang.String)[pri:0, instance:testCases.TC_001_AccountRegidtration@4fe767f3]" started-at="2022-04-05T13:32:47 IST" name="setup" finished-at="2022-04-05T13:32:55 IST" duration-ms="8816" status="PASS">
          <params>
            <param index="0">
              <value>
                <![CDATA[chrome]]>
              </value>
            </param>
          </params>
          <reporter-output>
          </reporter-output>
        </test-method> <!-- setup -->
        <test-method signature="test_account_Registration()[pri:0, instance:testCases.TC_001_AccountRegidtration@4fe767f3]" started-at="2022-04-05T13:32:55 IST" name="test_account_Registration" finished-at="2022-04-05T13:33:02 IST" duration-ms="6496" status="PASS">
          <reporter-output>
          </reporter-output>
        </test-method> <!-- test_account_Registration -->
        <test-method is-config="true" signature="tearDown()[pri:0, instance:testCases.TC_001_AccountRegidtration@4fe767f3]" started-at="2022-04-05T13:33:02 IST" name="tearDown" finished-at="2022-04-05T13:33:02 IST" duration-ms="75" status="PASS">
          <reporter-output>
          </reporter-output>
        </test-method> <!-- tearDown -->
      </class> <!-- testCases.TC_001_AccountRegidtration -->
      <class name="testCases.TC_002_Login">
        <test-method is-config="true" signature="setup(java.lang.String)[pri:0, instance:testCases.TC_002_Login@78e94dcf]" started-at="2022-04-05T13:33:02 IST" name="setup" finished-at="2022-04-05T13:33:03 IST" duration-ms="1217" status="PASS">
          <params>
            <param index="0">
              <value>
                <![CDATA[chrome]]>
              </value>
            </param>
          </params>
          <reporter-output>
          </reporter-output>
        </test-method> <!-- setup -->
        <test-method signature="test_Login()[pri:0, instance:testCases.TC_002_Login@78e94dcf]" started-at="2022-04-05T13:33:03 IST" name="test_Login" finished-at="2022-04-05T13:33:09 IST" duration-ms="6133" status="PASS">
          <reporter-output>
          </reporter-output>
        </test-method> <!-- test_Login -->
        <test-method is-config="true" signature="tearDown()[pri:0, instance:testCases.TC_002_Login@78e94dcf]" started-at="2022-04-05T13:33:09 IST" name="tearDown" finished-at="2022-04-05T13:33:09 IST" duration-ms="70" status="PASS">
          <reporter-output>
          </reporter-output>
        </test-method> <!-- tearDown -->
      </class> <!-- testCases.TC_002_Login -->
      <class name="testCases.TC_003_LoginDDT">
        <test-method is-config="true" signature="setup(java.lang.String)[pri:0, instance:testCases.TC_003_LoginDDT@233fe9b6]" started-at="2022-04-05T13:33:09 IST" name="setup" finished-at="2022-04-05T13:33:11 IST" duration-ms="1184" status="PASS">
          <params>
            <param index="0">
              <value>
                <![CDATA[chrome]]>
              </value>
            </param>
          </params>
          <reporter-output>
          </reporter-output>
        </test-method> <!-- setup -->
        <test-method signature="test_LoginDDT(java.lang.String,java.lang.String,java.lang.String)[pri:0, instance:testCases.TC_003_LoginDDT@233fe9b6]" started-at="2022-04-05T13:33:11 IST" name="test_LoginDDT" data-provider="LoginData" finished-at="2022-04-05T13:33:19 IST" duration-ms="7694" status="PASS">
          <params>
            <param index="0">
              <value>
                <![CDATA[pavanoltraining@gmail.com]]>
              </value>
            </param>
            <param index="1">
              <value>
                <![CDATA[test123]]>
              </value>
            </param>
            <param index="2">
              <value>
                <![CDATA[Valid]]>
              </value>
            </param>
          </params>
          <reporter-output>
          </reporter-output>
        </test-method> <!-- test_LoginDDT -->
        <test-method signature="test_LoginDDT(java.lang.String,java.lang.String,java.lang.String)[pri:0, instance:testCases.TC_003_LoginDDT@233fe9b6]" started-at="2022-04-05T13:33:19 IST" name="test_LoginDDT" data-provider="LoginData" finished-at="2022-04-05T13:33:34 IST" duration-ms="15155" status="PASS">
          <params>
            <param index="0">
              <value>
                <![CDATA[pavanoltraining@gmail.com]]>
              </value>
            </param>
            <param index="1">
              <value>
                <![CDATA[test]]>
              </value>
            </param>
            <param index="2">
              <value>
                <![CDATA[Invalid]]>
              </value>
            </param>
          </params>
          <reporter-output>
          </reporter-output>
        </test-method> <!-- test_LoginDDT -->
        <test-method signature="test_LoginDDT(java.lang.String,java.lang.String,java.lang.String)[pri:0, instance:testCases.TC_003_LoginDDT@233fe9b6]" started-at="2022-04-05T13:33:34 IST" name="test_LoginDDT" data-provider="LoginData" finished-at="2022-04-05T13:33:49 IST" duration-ms="14398" status="PASS">
          <params>
            <param index="0">
              <value>
                <![CDATA[pavan@gmail.com]]>
              </value>
            </param>
            <param index="1">
              <value>
                <![CDATA[test123]]>
              </value>
            </param>
            <param index="2">
              <value>
                <![CDATA[Invalid]]>
              </value>
            </param>
          </params>
          <reporter-output>
          </reporter-output>
        </test-method> <!-- test_LoginDDT -->
        <test-method signature="test_LoginDDT(java.lang.String,java.lang.String,java.lang.String)[pri:0, instance:testCases.TC_003_LoginDDT@233fe9b6]" started-at="2022-04-05T13:33:49 IST" name="test_LoginDDT" data-provider="LoginData" finished-at="2022-04-05T13:34:03 IST" duration-ms="14495" status="PASS">
          <params>
            <param index="0">
              <value>
                <![CDATA[pavan@gmail.com]]>
              </value>
            </param>
            <param index="1">
              <value>
                <![CDATA[test]]>
              </value>
            </param>
            <param index="2">
              <value>
                <![CDATA[Invalid]]>
              </value>
            </param>
          </params>
          <reporter-output>
          </reporter-output>
        </test-method> <!-- test_LoginDDT -->
        <test-method is-config="true" signature="tearDown()[pri:0, instance:testCases.TC_003_LoginDDT@233fe9b6]" started-at="2022-04-05T13:34:03 IST" name="tearDown" finished-at="2022-04-05T13:34:03 IST" duration-ms="70" status="PASS">
          <reporter-output>
          </reporter-output>
        </test-method> <!-- tearDown -->
      </class> <!-- testCases.TC_003_LoginDDT -->
    </test> <!-- OpenCart Tests -->
  </suite> <!-- OpenCart Test Suite -->
</testng-results>
