<?xml version="1.0" encoding="UTF-8"?>
<testng-results ignored="0" total="2" passed="2" failed="0" skipped="0">
  <reporter-output>
  </reporter-output>
  <suite started-at="2022-04-04T13:59:57 IST" name="opencartSuite" finished-at="2022-04-04T14:00:19 IST" duration-ms="22462">
    <groups>
      <group name="regression">
        <method signature="TC_001_AccountRegidtration.test_account_Registration()[pri:0, instance:testCases.TC_001_AccountRegidtration@3012646b]" name="test_account_Registration" class="testCases.TC_001_AccountRegidtration"/>
      </group> <!-- regression -->
      <group name="sanity">
        <method signature="TC_002_Login.test_Login()[pri:0, instance:testCases.TC_002_Login@4d154ccd]" name="test_Login" class="testCases.TC_002_Login"/>
      </group> <!-- sanity -->
      <group name="master">
        <method signature="TC_001_AccountRegidtration.test_account_Registration()[pri:0, instance:testCases.TC_001_AccountRegidtration@3012646b]" name="test_account_Registration" class="testCases.TC_001_AccountRegidtration"/>
        <method signature="TC_002_Login.test_Login()[pri:0, instance:testCases.TC_002_Login@4d154ccd]" name="test_Login" class="testCases.TC_002_Login"/>
      </group> <!-- master -->
    </groups>
    <test started-at="2022-04-04T13:59:57 IST" name="opencartTests" finished-at="2022-04-04T14:00:19 IST" duration-ms="22462">
      <class name="testCases.TC_001_AccountRegidtration">
        <test-method is-config="true" signature="setup(java.lang.String)[pri:0, instance:testCases.TC_001_AccountRegidtration@3012646b]" started-at="2022-04-04T13:59:57 IST" name="setup" finished-at="2022-04-04T14:00:06 IST" duration-ms="8661" status="PASS">
          <params>
            <param index="0">
              <value>
                <![CDATA[chrome]]>
              </value>
            </param>
          </params>
          <reporter-output>
          </reporter-output>
        </test-method> <!-- setup -->
        <test-method signature="test_account_Registration()[pri:0, instance:testCases.TC_001_AccountRegidtration@3012646b]" started-at="2022-04-04T14:00:06 IST" name="test_account_Registration" finished-at="2022-04-04T14:00:11 IST" duration-ms="5824" status="PASS">
          <reporter-output>
          </reporter-output>
        </test-method> <!-- test_account_Registration -->
        <test-method is-config="true" signature="tearDown()[pri:0, instance:testCases.TC_001_AccountRegidtration@3012646b]" started-at="2022-04-04T14:00:11 IST" name="tearDown" finished-at="2022-04-04T14:00:11 IST" duration-ms="84" status="PASS">
          <reporter-output>
          </reporter-output>
        </test-method> <!-- tearDown -->
      </class> <!-- testCases.TC_001_AccountRegidtration -->
      <class name="testCases.TC_002_Login">
        <test-method is-config="true" signature="setup(java.lang.String)[pri:0, instance:testCases.TC_002_Login@4d154ccd]" started-at="2022-04-04T14:00:11 IST" name="setup" finished-at="2022-04-04T14:00:13 IST" duration-ms="1429" status="PASS">
          <params>
            <param index="0">
              <value>
                <![CDATA[chrome]]>
              </value>
            </param>
          </params>
          <reporter-output>
          </reporter-output>
        </test-method> <!-- setup -->
        <test-method signature="test_Login()[pri:0, instance:testCases.TC_002_Login@4d154ccd]" started-at="2022-04-04T14:00:13 IST" name="test_Login" finished-at="2022-04-04T14:00:19 IST" duration-ms="6061" status="PASS">
          <reporter-output>
          </reporter-output>
        </test-method> <!-- test_Login -->
        <test-method is-config="true" signature="tearDown()[pri:0, instance:testCases.TC_002_Login@4d154ccd]" started-at="2022-04-04T14:00:19 IST" name="tearDown" finished-at="2022-04-04T14:00:19 IST" duration-ms="77" status="PASS">
          <reporter-output>
          </reporter-output>
        </test-method> <!-- tearDown -->
      </class> <!-- testCases.TC_002_Login -->
    </test> <!-- opencartTests -->
  </suite> <!-- opencartSuite -->
</testng-results>
